<?xml version="1.0" encoding="UTF-8"?>
<testsuite xmlns:xsi="http://www.w3.org/2001/XMLSchema-instance" xsi:noNamespaceSchemaLocation="https://maven.apache.org/surefire/maven-surefire-plugin/xsd/surefire-test-report.xsd" name="Cucumber_Selenium.AppTest" time="13.879" tests="8" errors="0" skipped="0" failures="0">
  <properties>
[...]
</properties>
  <testcase name="Given I go to &quot;https://www.google.com&quot;" classname="| https://www.google.com | Testing |" time="0.001"/>
  <testcase name="When i type &quot;Testing&quot;" classname="| https://www.google.com | Testing |" time="0"/>
  <testcase name="Then i should see the results" classname="| https://www.google.com | Testing |" time="0"/>
  <testcase name="| https://www.google.com | Testing |" classname="| https://www.google.com | Testing |" time="0"/>
  <testcase name="Given I go to &quot;https://www.google.com&quot;" classname="| https://www.google.com | Cucumber |" time="0"/>
  <testcase name="When i type &quot;Cucumber&quot;" classname="| https://www.google.com | Cucumber |" time="0"/>
  <testcase name="Then i should see the results" classname="| https://www.google.com | Cucumber |" time="0"/>
  <testcase name="| https://www.google.com | Cucumber |" classname="| https://www.google.com | Cucumber |" time="0"/>
</testsuite>